malloc(0x591)
malloc(0x491)
malloc(0x10)
malloc(0x4b)
malloc(0x28)
malloc(0x14a0)
malloc(0x26)
malloc(0x4a0)
malloc(0x26)
malloc(0x20)
malloc(0x49a)
malloc(0x20)
malloc(0x23)
malloc(0x49d)
malloc(0x23)
malloc(0x21)
malloc(0x49b)
malloc(0x21)
malloc(0x58)
malloc(0x28)
malloc(0x26)
malloc(0x4a0)
malloc(0x26)
malloc(0x38)
malloc(0x38)
malloc(0x38)
malloc(0x78)
malloc(0xc0)
malloc(0x48)
malloc(0x108)
malloc(0x2b8)
malloc(0xc0)
malloc(0xd8)
malloc(0x90)
malloc(0x1b0)
malloc(0x420)
malloc(0x120)
malloc(0x228)
malloc(0x228)
  returns 0x5602bf4bb010
malloc(0x78)
  returns 0x5602bf4bb240
malloc(0x400)
  returns 0x5602bf4bb2c0
free(0x5602bf4bb240)
free(0x5602bf4bb2c0)
free(0x5602bf4bb010)
free(0)
malloc(0x5)
  returns 0x5602bf4bb010
free(0x5602bf4bb010)
malloc(0x228)
  returns 0x5602bf4bb030
malloc(0x400)
  returns 0x5602bf4bb260
malloc(0x640)
  returns 0x5602bf4bb670
malloc(0x400)
  returns 0x5602bf4bbcc0
free(0x5602bf4bb260)
free(0x5602bf4bb030)
free(0)
malloc(0x5)
  returns 0x5602bf4bb010
malloc(0x33)
  returns 0x5602bf4bb030
free(0x5602bf4bb030)
malloc(0x33)
  returns 0x5602bf4bb030
malloc(0x68)
  returns 0x5602bf4bb070
malloc(0x2e)
  returns 0x5602bf4bb0e0
malloc(0x48)
  returns 0x5602bf4bb120
malloc(0x28)
  returns 0x5602bf4bb170
malloc(0x38)
  returns 0x5602bf4bb1a0
malloc(0x25)
  returns 0x5602bf4bb1e0
malloc(0x30)
  returns 0x5602bf4bb210
malloc(0x2b)
  returns 0x5602bf4bb250
malloc(0x38)
  returns 0x5602bf4bb290
malloc(0x25)
  returns 0x5602bf4bb2d0
free(0x5602bf4bb2d0)
malloc(0x25)
  returns 0x5602bf4bb2d0
free(0x5602bf4bb2d0)
malloc(0x2d)
  returns 0x5602bf4bb300
malloc(0x48)
  returns 0x5602bf4bb340
malloc(0x28)
  returns 0x5602bf4bb2d0
free(0x5602bf4bb2d0)
malloc(0x2a)
  returns 0x5602bf4bb390
malloc(0x38)
  returns 0x5602bf4bb3d0
malloc(0x25)
  returns 0x5602bf4bb2d0
free(0x5602bf4bb2d0)
malloc(0x25)
  returns 0x5602bf4bb2d0
free(0x5602bf4bb2d0)
malloc(0x28)
  returns 0x5602bf4bb2d0
free(0x5602bf4bb2d0)
malloc(0x30)
  returns 0x5602bf4bb410
malloc(0x48)
  returns 0x5602bf4bb450
malloc(0x2b)
  returns 0x5602bf4bb4a0
free(0x5602bf4bb4a0)
malloc(0x2a)
  returns 0x5602bf4bb4a0
free(0x5602bf4bb4a0)
malloc(0x25)
  returns 0x5602bf4bb2d0
free(0x5602bf4bb2d0)
malloc(0x2b)
  returns 0x5602bf4bb4a0
free(0x5602bf4bb4a0)
malloc(0x2a)
  returns 0x5602bf4bb4a0
free(0x5602bf4bb4a0)
malloc(0x25)
  returns 0x5602bf4bb2d0
free(0x5602bf4bb2d0)
free(0x5602bf4bb010)
malloc(0xc0)
  returns 0x5602bf4bb4e0
malloc(0xb)
  returns 0x5602bf4bb010
malloc(0xc)
  returns 0x5602bf4bb5b0
malloc(0x5)
  returns 0x5602bf4bb5d0
free(0x5602bf4bb5d0)
malloc(0x5)
  returns 0x5602bf4bb5d0
malloc(0x30)
  returns 0x5602bf4bb4a0
free(0x5602bf4bb4a0)
malloc(0x30)
  returns 0x5602bf4bb4a0
malloc(0x68)
  returns 0x5602bf4bb5f0
malloc(0x2b)
  returns 0x5602bf4bc4d0
malloc(0x48)
  returns 0x5602bf4bc510
malloc(0x25)
  returns 0x5602bf4bb2d0
malloc(0x38)
  returns 0x5602bf4bc560
malloc(0x22)
  returns 0x5602bf4bc5a0
malloc(0x30)
  returns 0x5602bf4bc5d0
malloc(0x28)
  returns 0x5602bf4bc610
malloc(0x38)
  returns 0x5602bf4bc640
malloc(0x22)
  returns 0x5602bf4bc680
free(0x5602bf4bc680)
malloc(0x22)
  returns 0x5602bf4bc680
free(0x5602bf4bc680)
malloc(0x2a)
  returns 0x5602bf4bc6b0
malloc(0x48)
  returns 0x5602bf4bc6f0
malloc(0x25)
  returns 0x5602bf4bc680
free(0x5602bf4bc680)
malloc(0x27)
  returns 0x5602bf4bc680
malloc(0x38)
  returns 0x5602bf4bc740
malloc(0x22)
  returns 0x5602bf4bc780
free(0x5602bf4bc780)
malloc(0x22)
  returns 0x5602bf4bc780
free(0x5602bf4bc780)
malloc(0x25)
  returns 0x5602bf4bc780
free(0x5602bf4bc780)
malloc(0x2d)
  returns 0x5602bf4bc7b0
malloc(0x48)
  returns 0x5602bf4bc7f0
malloc(0x28)
  returns 0x5602bf4bc780
free(0x5602bf4bc780)
malloc(0x27)
  returns 0x5602bf4bc780
free(0x5602bf4bc780)
malloc(0x22)
  returns 0x5602bf4bc780
free(0x5602bf4bc780)
malloc(0x28)
  returns 0x5602bf4bc780
free(0x5602bf4bc780)
malloc(0x27)
  returns 0x5602bf4bc780
free(0x5602bf4bc780)
malloc(0x22)
  returns 0x5602bf4bc780
free(0x5602bf4bc780)
free(0x5602bf4bb5d0)
malloc(0x50)
  returns 0x5602bf4bc840
malloc(0xb)
  returns 0x5602bf4bb5d0
malloc(0xc)
  returns 0x5602bf4bc8a0
malloc(0x5)
  returns 0x5602bf4bc8c0
free(0x5602bf4bc8c0)
malloc(0x5)
  returns 0x5602bf4bc8c0
malloc(0x2e)
  returns 0x5602bf4bc8e0
free(0x5602bf4bc8e0)
malloc(0x2e)
  returns 0x5602bf4bc8e0
malloc(0x68)
  returns 0x5602bf4bc920
malloc(0x29)
  returns 0x5602bf4bc990
malloc(0x48)
  returns 0x5602bf4bc9d0
malloc(0x23)
  returns 0x5602bf4bc780
malloc(0x38)
  returns 0x5602bf4bca20
malloc(0x20)
  returns 0x5602bf4bca60
malloc(0x30)
  returns 0x5602bf4bca90
malloc(0x26)
  returns 0x5602bf4bcad0
malloc(0x38)
  returns 0x5602bf4bcb00
malloc(0x20)
  returns 0x5602bf4bcb40
free(0x5602bf4bcb40)
malloc(0x20)
  returns 0x5602bf4bcb40
free(0x5602bf4bcb40)
malloc(0x28)
  returns 0x5602bf4bcb40
malloc(0x48)
  returns 0x5602bf4bcb70
malloc(0x23)
  returns 0x5602bf4bcbc0
free(0x5602bf4bcbc0)
malloc(0x25)
  returns 0x5602bf4bcbc0
malloc(0x38)
  returns 0x5602bf4bcbf0
malloc(0x20)
  returns 0x5602bf4bcc30
free(0x5602bf4bcc30)
malloc(0x20)
  returns 0x5602bf4bcc30
free(0x5602bf4bcc30)
malloc(0x23)
  returns 0x5602bf4bcc30
free(0x5602bf4bcc30)
malloc(0x2b)
  returns 0x5602bf4bcc60
malloc(0x48)
  returns 0x5602bf4bcca0
malloc(0x26)
  returns 0x5602bf4bcc30
free(0x5602bf4bcc30)
malloc(0x25)
  returns 0x5602bf4bcc30
free(0x5602bf4bcc30)
malloc(0x20)
  returns 0x5602bf4bcc30
free(0x5602bf4bcc30)
malloc(0x26)
  returns 0x5602bf4bcc30
free(0x5602bf4bcc30)
malloc(0x25)
  returns 0x5602bf4bcc30
free(0x5602bf4bcc30)
malloc(0x20)
  returns 0x5602bf4bcc30
free(0x5602bf4bcc30)
free(0x5602bf4bc8c0)
malloc(0x68)
  returns 0x5602bf4bccf0
malloc(0xb)
  returns 0x5602bf4bc8c0
malloc(0xc)
  returns 0x5602bf4bcd60
malloc(0x5)
  returns 0x5602bf4bcd80
free(0x5602bf4bcd80)
malloc(0x5)
  returns 0x5602bf4bcd80
malloc(0x2c)
  returns 0x5602bf4bcda0
free(0x5602bf4bcda0)
malloc(0x2c)
  returns 0x5602bf4bcda0
malloc(0x68)
  returns 0x5602bf4bcde0
malloc(0x27)
  returns 0x5602bf4bcc30
malloc(0x48)
  returns 0x5602bf4bce50
malloc(0x21)
  returns 0x5602bf4bcea0
malloc(0x38)
  returns 0x5602bf4bced0
malloc(0x1e)
  returns 0x5602bf4bcf10
malloc(0x30)
  returns 0x5602bf4bcf40
malloc(0x24)
  returns 0x5602bf4bcf80
malloc(0x38)
  returns 0x5602bf4bcfb0
malloc(0x1e)
  returns 0x5602bf4bcff0
free(0x5602bf4bcff0)
malloc(0x1e)
  returns 0x5602bf4bcff0
free(0x5602bf4bcff0)
malloc(0x26)
  returns 0x5602bf4bcff0
malloc(0x48)
  returns 0x5602bf4bd020
malloc(0x21)
  returns 0x5602bf4bd070
free(0x5602bf4bd070)
malloc(0x23)
  returns 0x5602bf4bd070
malloc(0x38)
  returns 0x5602bf4bd0a0
malloc(0x1e)
  returns 0x5602bf4bd0e0
free(0x5602bf4bd0e0)
malloc(0x1e)
  returns 0x5602bf4bd0e0
free(0x5602bf4bd0e0)
malloc(0x21)
  returns 0x5602bf4bd0e0
free(0x5602bf4bd0e0)
malloc(0x29)
  returns 0x5602bf4bd110
malloc(0x48)
  returns 0x5602bf4bd150
malloc(0x24)
  returns 0x5602bf4bd0e0
free(0x5602bf4bd0e0)
malloc(0x23)
  returns 0x5602bf4bd0e0
free(0x5602bf4bd0e0)
malloc(0x1e)
  returns 0x5602bf4bd0e0
free(0x5602bf4bd0e0)
malloc(0x24)
  returns 0x5602bf4bd0e0
free(0x5602bf4bd0e0)
malloc(0x23)
  returns 0x5602bf4bd0e0
free(0x5602bf4bd0e0)
malloc(0x1e)
  returns 0x5602bf4bd0e0
free(0x5602bf4bd0e0)
free(0x5602bf4bcd80)
malloc(0xa8)
  returns 0x5602bf4bd1a0
malloc(0xb)
  returns 0x5602bf4bcd80
malloc(0xc)
  returns 0x5602bf4bd250
malloc(0x5)
  returns 0x5602bf4bd270
free(0x5602bf4bd270)
malloc(0x5)
  returns 0x5602bf4bd270
malloc(0x29)
  returns 0x5602bf4bd290
free(0x5602bf4bd290)
malloc(0x29)
  returns 0x5602bf4bd290
malloc(0x68)
  returns 0x5602bf4bd2d0
malloc(0x24)
  returns 0x5602bf4bd0e0
malloc(0x48)
  returns 0x5602bf4bd340
malloc(0x1e)
  returns 0x5602bf4bd390
malloc(0x38)
  returns 0x5602bf4bd3c0
malloc(0x1b)
  returns 0x5602bf4bd400
malloc(0x30)
  returns 0x5602bf4bd430
malloc(0x21)
  returns 0x5602bf4bd470
malloc(0x38)
  returns 0x5602bf4bd4a0
malloc(0x1b)
  returns 0x5602bf4bd4e0
free(0x5602bf4bd4e0)
malloc(0x1b)
  returns 0x5602bf4bd4e0
free(0x5602bf4bd4e0)
malloc(0x23)
  returns 0x5602bf4bd4e0
malloc(0x48)
  returns 0x5602bf4bd510
malloc(0x1e)
  returns 0x5602bf4bd560
free(0x5602bf4bd560)
malloc(0x20)
  returns 0x5602bf4bd560
malloc(0x38)
  returns 0x5602bf4bd590
malloc(0x1b)
  returns 0x5602bf4bd5d0
free(0x5602bf4bd5d0)
malloc(0x1b)
  returns 0x5602bf4bd5d0
free(0x5602bf4bd5d0)
malloc(0x1e)
  returns 0x5602bf4bd5d0
free(0x5602bf4bd5d0)
malloc(0x26)
  returns 0x5602bf4bd5d0
malloc(0x48)
  returns 0x5602bf4bd600
malloc(0x21)
  returns 0x5602bf4bd650
free(0x5602bf4bd650)
malloc(0x20)
  returns 0x5602bf4bd650
free(0x5602bf4bd650)
malloc(0x1b)
  returns 0x5602bf4bd650
free(0x5602bf4bd650)
malloc(0x21)
  returns 0x5602bf4bd650
free(0x5602bf4bd650)
malloc(0x20)
  returns 0x5602bf4bd650
free(0x5602bf4bd650)
malloc(0x1b)
  returns 0x5602bf4bd650
free(0x5602bf4bd650)
free(0x5602bf4bd270)
malloc(0x78)
  returns 0x5602bf4bd680
malloc(0xb)
  returns 0x5602bf4bd270
malloc(0xc)
  returns 0x5602bf4bd700
malloc(0x5)
  returns 0x5602bf4bd720
free(0x5602bf4bd720)
malloc(0x5)
  returns 0x5602bf4bd720
malloc(0x2a)
  returns 0x5602bf4bd740
free(0x5602bf4bd740)
malloc(0x2a)
  returns 0x5602bf4bd740
malloc(0x68)
  returns 0x5602bf4bd780
malloc(0x25)
  returns 0x5602bf4bd650
malloc(0x48)
  returns 0x5602bf4bd7f0
malloc(0x1f)
  returns 0x5602bf4bd840
malloc(0x38)
  returns 0x5602bf4bd870
malloc(0x1c)
  returns 0x5602bf4bd8b0
malloc(0x30)
  returns 0x5602bf4bd8e0
malloc(0x22)
  returns 0x5602bf4bd920
malloc(0x38)
  returns 0x5602bf4bd950
malloc(0x1c)
  returns 0x5602bf4bd990
free(0x5602bf4bd990)
malloc(0x1c)
  returns 0x5602bf4bd990
free(0x5602bf4bd990)
malloc(0x24)
  returns 0x5602bf4bd990
malloc(0x48)
  returns 0x5602bf4bd9c0
malloc(0x1f)
  returns 0x5602bf4bda10
free(0x5602bf4bda10)
malloc(0x21)
  returns 0x5602bf4bda10
malloc(0x38)
  returns 0x5602bf4bda40
malloc(0x1c)
  returns 0x5602bf4bda80
free(0x5602bf4bda80)
malloc(0x1c)
  returns 0x5602bf4bda80
free(0x5602bf4bda80)
malloc(0x1f)
  returns 0x5602bf4bda80
free(0x5602bf4bda80)
malloc(0x27)
  returns 0x5602bf4bda80
malloc(0x48)
  returns 0x5602bf4bdab0
malloc(0x22)
  returns 0x5602bf4bdb00
free(0x5602bf4bdb00)
malloc(0x21)
  returns 0x5602bf4bdb00
free(0x5602bf4bdb00)
malloc(0x1c)
  returns 0x5602bf4bdb00
free(0x5602bf4bdb00)
malloc(0x22)
  returns 0x5602bf4bdb00
free(0x5602bf4bdb00)
malloc(0x21)
  returns 0x5602bf4bdb00
free(0x5602bf4bdb00)
malloc(0x1c)
  returns 0x5602bf4bdb00
free(0x5602bf4bdb00)
free(0x5602bf4bd720)
malloc(0x58)
  returns 0x5602bf4bdb30
malloc(0xb)
  returns 0x5602bf4bd720
malloc(0xc)
  returns 0x5602bf4bdb90
malloc(0x5)
  returns 0x5602bf4bdbb0
free(0x5602bf4bdbb0)
malloc(0x5)
  returns 0x5602bf4bdbb0
malloc(0x2d)
  returns 0x5602bf4bdbd0
free(0x5602bf4bdbd0)
malloc(0x2d)
  returns 0x5602bf4bdbd0
malloc(0x68)
  returns 0x5602bf4bdc10
malloc(0x28)
  returns 0x5602bf4bdb00
malloc(0x48)
  returns 0x5602bf4bdc80
malloc(0x22)
  returns 0x5602bf4bdcd0
malloc(0x38)
  returns 0x5602bf4bdd00
malloc(0x1f)
  returns 0x5602bf4bdd40
malloc(0x30)
  returns 0x5602bf4bdd70
malloc(0x25)
  returns 0x5602bf4bddb0
malloc(0x38)
  returns 0x5602bf4bdde0
malloc(0x1f)
  returns 0x5602bf4bde20
free(0x5602bf4bde20)
malloc(0x1f)
  returns 0x5602bf4bde20
free(0x5602bf4bde20)
malloc(0x27)
  returns 0x5602bf4bde20
malloc(0x48)
  returns 0x5602bf4bde50
malloc(0x22)
  returns 0x5602bf4bdea0
free(0x5602bf4bdea0)
malloc(0x24)
  returns 0x5602bf4bdea0
malloc(0x38)
  returns 0x5602bf4bded0
malloc(0x1f)
  returns 0x5602bf4bdf10
free(0x5602bf4bdf10)
malloc(0x1f)
  returns 0x5602bf4bdf10
free(0x5602bf4bdf10)
malloc(0x22)
  returns 0x5602bf4bdf10
free(0x5602bf4bdf10)
malloc(0x2a)
  returns 0x5602bf4bdf40
malloc(0x48)
  returns 0x5602bf4bdf80
malloc(0x25)
  returns 0x5602bf4bdf10
free(0x5602bf4bdf10)
malloc(0x24)
  returns 0x5602bf4bdf10
free(0x5602bf4bdf10)
malloc(0x1f)
  returns 0x5602bf4bdf10
free(0x5602bf4bdf10)
malloc(0x25)
  returns 0x5602bf4bdf10
free(0x5602bf4bdf10)
malloc(0x24)
  returns 0x5602bf4bdf10
free(0x5602bf4bdf10)
malloc(0x1f)
  returns 0x5602bf4bdf10
free(0x5602bf4bdf10)
free(0x5602bf4bdbb0)
malloc(0x68)
  returns 0x5602bf4bdfd0
malloc(0xb)
  returns 0x5602bf4bdbb0
malloc(0xc)
  returns 0x5602bf4be040
malloc(0x5)
  returns 0x5602bf4be060
free(0x5602bf4be060)
malloc(0x5)
  returns 0x5602bf4be060
malloc(0x2d)
  returns 0x5602bf4be080
free(0x5602bf4be080)
malloc(0x2d)
  returns 0x5602bf4be080
malloc(0x68)
  returns 0x5602bf4be0c0
malloc(0x28)
  returns 0x5602bf4bdf10
malloc(0x48)
  returns 0x5602bf4be130
malloc(0x22)
  returns 0x5602bf4be180
malloc(0x38)
  returns 0x5602bf4be1b0
malloc(0x1f)
  returns 0x5602bf4be1f0
malloc(0x30)
  returns 0x5602bf4be220
malloc(0x25)
  returns 0x5602bf4be260
malloc(0x38)
  returns 0x5602bf4be290
malloc(0x1f)
  returns 0x5602bf4be2d0
free(0x5602bf4be2d0)
malloc(0x1f)
  returns 0x5602bf4be2d0
free(0x5602bf4be2d0)
malloc(0x27)
  returns 0x5602bf4be2d0
malloc(0x48)
  returns 0x5602bf4be300
malloc(0x22)
  returns 0x5602bf4be350
free(0x5602bf4be350)
malloc(0x24)
  returns 0x5602bf4be350
malloc(0x38)
  returns 0x5602bf4be380
malloc(0x1f)
  returns 0x5602bf4be3c0
free(0x5602bf4be3c0)
malloc(0x1f)
  returns 0x5602bf4be3c0
free(0x5602bf4be3c0)
malloc(0x22)
  returns 0x5602bf4be3c0
free(0x5602bf4be3c0)
malloc(0x2a)
  returns 0x5602bf4be3f0
malloc(0x48)
  returns 0x5602bf4be430
malloc(0x25)
  returns 0x5602bf4be3c0
free(0x5602bf4be3c0)
malloc(0x24)
  returns 0x5602bf4be3c0
free(0x5602bf4be3c0)
malloc(0x1f)
  returns 0x5602bf4be3c0
free(0x5602bf4be3c0)
malloc(0x25)
  returns 0x5602bf4be3c0
free(0x5602bf4be3c0)
malloc(0x24)
  returns 0x5602bf4be3c0
free(0x5602bf4be3c0)
malloc(0x1f)
  returns 0x5602bf4be3c0
free(0x5602bf4be3c0)
free(0x5602bf4be060)
malloc(0x1b0)
  returns 0x5602bf4be480
malloc(0xb)
  returns 0x5602bf4be060
malloc(0xc)
  returns 0x5602bf4be640
malloc(0x5)
  returns 0x5602bf4be660
free(0x5602bf4be660)
malloc(0x5)
  returns 0x5602bf4be660
malloc(0x2c)
  returns 0x5602bf4be680
free(0x5602bf4be680)
malloc(0x2c)
  returns 0x5602bf4be680
malloc(0x68)
  returns 0x5602bf4be6c0
malloc(0x27)
  returns 0x5602bf4be3c0
malloc(0x48)
  returns 0x5602bf4be730
malloc(0x21)
  returns 0x5602bf4be780
malloc(0x38)
  returns 0x5602bf4be7b0
malloc(0x1e)
  returns 0x5602bf4be7f0
malloc(0x30)
  returns 0x5602bf4be820
malloc(0x24)
  returns 0x5602bf4be860
malloc(0x38)
  returns 0x5602bf4be890
malloc(0x1e)
  returns 0x5602bf4be8d0
free(0x5602bf4be8d0)
malloc(0x1e)
  returns 0x5602bf4be8d0
free(0x5602bf4be8d0)
malloc(0x26)
  returns 0x5602bf4be8d0
malloc(0x48)
  returns 0x5602bf4be900
malloc(0x21)
  returns 0x5602bf4be950
free(0x5602bf4be950)
malloc(0x23)
  returns 0x5602bf4be950
malloc(0x38)
  returns 0x5602bf4be980
malloc(0x1e)
  returns 0x5602bf4be9c0
free(0x5602bf4be9c0)
malloc(0x1e)
  returns 0x5602bf4be9c0
free(0x5602bf4be9c0)
malloc(0x21)
  returns 0x5602bf4be9c0
free(0x5602bf4be9c0)
malloc(0x29)
  returns 0x5602bf4be9f0
malloc(0x48)
  returns 0x5602bf4bea30
malloc(0x24)
  returns 0x5602bf4be9c0
free(0x5602bf4be9c0)
malloc(0x23)
  returns 0x5602bf4be9c0
free(0x5602bf4be9c0)
malloc(0x1e)
  returns 0x5602bf4be9c0
free(0x5602bf4be9c0)
malloc(0x24)
  returns 0x5602bf4be9c0
free(0x5602bf4be9c0)
malloc(0x23)
  returns 0x5602bf4be9c0
free(0x5602bf4be9c0)
malloc(0x1e)
  returns 0x5602bf4be9c0
free(0x5602bf4be9c0)
free(0x5602bf4be660)
malloc(0xd8)
  returns 0x5602bf4bea80
malloc(0xb)
  returns 0x5602bf4be660
malloc(0xc)
  returns 0x5602bf4beb60
malloc(0x5)
  returns 0x5602bf4beb80
free(0x5602bf4beb80)
malloc(0x5)
  returns 0x5602bf4beb80
malloc(0x29)
  returns 0x5602bf4beba0
free(0x5602bf4beba0)
malloc(0x29)
  returns 0x5602bf4beba0
malloc(0x68)
  returns 0x5602bf4bebe0
malloc(0x24)
  returns 0x5602bf4be9c0
malloc(0x48)
  returns 0x5602bf4bec50
malloc(0x1e)
  returns 0x5602bf4beca0
malloc(0x38)
  returns 0x5602bf4becd0
malloc(0x1b)
  returns 0x5602bf4bed10
malloc(0x30)
  returns 0x5602bf4bed40
malloc(0x21)
  returns 0x5602bf4bed80
malloc(0x38)
  returns 0x5602bf4bedb0
malloc(0x1b)
  returns 0x5602bf4bedf0
free(0x5602bf4bedf0)
malloc(0x1b)
  returns 0x5602bf4bedf0
free(0x5602bf4bedf0)
malloc(0x23)
  returns 0x5602bf4bedf0
malloc(0x48)
  returns 0x5602bf4bee20
malloc(0x1e)
  returns 0x5602bf4bee70
free(0x5602bf4bee70)
malloc(0x20)
  returns 0x5602bf4bee70
malloc(0x38)
  returns 0x5602bf4beea0
malloc(0x1b)
  returns 0x5602bf4beee0
free(0x5602bf4beee0)
malloc(0x1b)
  returns 0x5602bf4beee0
free(0x5602bf4beee0)
malloc(0x1e)
  returns 0x5602bf4beee0
free(0x5602bf4beee0)
malloc(0x26)
  returns 0x5602bf4beee0
malloc(0x48)
  returns 0x5602bf4bef10
malloc(0x21)
  returns 0x5602bf4bef60
free(0x5602bf4bef60)
malloc(0x20)
  returns 0x5602bf4bef60
free(0x5602bf4bef60)
malloc(0x1b)
  returns 0x5602bf4bef60
free(0x5602bf4bef60)
malloc(0x21)
  returns 0x5602bf4bef60
free(0x5602bf4bef60)
malloc(0x20)
  returns 0x5602bf4bef60
free(0x5602bf4bef60)
malloc(0x1b)
  returns 0x5602bf4bef60
free(0x5602bf4bef60)
free(0x5602bf4beb80)
malloc(0x3b8)
  returns 0x5602bf4bef90
malloc(0xb)
  returns 0x5602bf4beb80
malloc(0xc)
  returns 0x5602bf4bf350
malloc(0x5)
  returns 0x5602bf4bf370
free(0x5602bf4bf370)
malloc(0x5)
  returns 0x5602bf4bf370
malloc(0x2c)
  returns 0x5602bf4bf390
free(0x5602bf4bf390)
malloc(0x2c)
  returns 0x5602bf4bf390
malloc(0x68)
  returns 0x5602bf4bf3d0
malloc(0x27)
  returns 0x5602bf4bef60
malloc(0x48)
  returns 0x5602bf4bf440
malloc(0x21)
  returns 0x5602bf4bf490
malloc(0x38)
  returns 0x5602bf4bf4c0
malloc(0x1e)
  returns 0x5602bf4bf500
malloc(0x30)
  returns 0x5602bf4bf530
malloc(0x24)
  returns 0x5602bf4bf570
malloc(0x38)
  returns 0x5602bf4bf5a0
malloc(0x1e)
  returns 0x5602bf4bf5e0
free(0x5602bf4bf5e0)
malloc(0x1e)
  returns 0x5602bf4bf5e0
free(0x5602bf4bf5e0)
malloc(0x26)
  returns 0x5602bf4bf5e0
malloc(0x48)
  returns 0x5602bf4bf610
malloc(0x21)
  returns 0x5602bf4bf660
free(0x5602bf4bf660)
malloc(0x23)
  returns 0x5602bf4bf660
malloc(0x38)
  returns 0x5602bf4bf690
malloc(0x1e)
  returns 0x5602bf4bf6d0
free(0x5602bf4bf6d0)
malloc(0x1e)
  returns 0x5602bf4bf6d0
free(0x5602bf4bf6d0)
malloc(0x21)
  returns 0x5602bf4bf6d0
free(0x5602bf4bf6d0)
malloc(0x29)
  returns 0x5602bf4bf700
malloc(0x48)
  returns 0x5602bf4bf740
malloc(0x24)
  returns 0x5602bf4bf6d0
free(0x5602bf4bf6d0)
malloc(0x23)
  returns 0x5602bf4bf6d0
free(0x5602bf4bf6d0)
malloc(0x1e)
  returns 0x5602bf4bf6d0
free(0x5602bf4bf6d0)
malloc(0x24)
  returns 0x5602bf4bf6d0
free(0x5602bf4bf6d0)
malloc(0x23)
  returns 0x5602bf4bf6d0
free(0x5602bf4bf6d0)
malloc(0x1e)
  returns 0x5602bf4bf6d0
free(0x5602bf4bf6d0)
free(0x5602bf4bf370)
malloc(0x70)
  returns 0x5602bf4bf790
malloc(0xb)
  returns 0x5602bf4bf370
malloc(0xc)
  returns 0x5602bf4bf810
malloc(0x5)
  returns 0x5602bf4bf830
free(0x5602bf4bf830)
malloc(0x5)
  returns 0x5602bf4bf830
malloc(0x2a)
  returns 0x5602bf4bf850
free(0x5602bf4bf850)
malloc(0x2a)
  returns 0x5602bf4bf850
malloc(0x68)
  returns 0x5602bf4bf890
malloc(0x25)
  returns 0x5602bf4bf6d0
malloc(0x48)
  returns 0x5602bf4bf900
malloc(0x1f)
  returns 0x5602bf4bf950
malloc(0x38)
  returns 0x5602bf4bf980
malloc(0x1c)
  returns 0x5602bf4bf9c0
malloc(0x30)
  returns 0x5602bf4bf9f0
malloc(0x22)
  returns 0x5602bf4bfa30
malloc(0x38)
  returns 0x5602bf4bfa60
malloc(0x1c)
  returns 0x5602bf4bfaa0
free(0x5602bf4bfaa0)
malloc(0x1c)
  returns 0x5602bf4bfaa0
free(0x5602bf4bfaa0)
malloc(0x24)
  returns 0x5602bf4bfaa0
malloc(0x48)
  returns 0x5602bf4bfad0
malloc(0x1f)
  returns 0x5602bf4bfb20
free(0x5602bf4bfb20)
malloc(0x21)
  returns 0x5602bf4bfb20
malloc(0x38)
  returns 0x5602bf4bfb50
malloc(0x1c)
  returns 0x5602bf4bfb90
free(0x5602bf4bfb90)
malloc(0x1c)
  returns 0x5602bf4bfb90
free(0x5602bf4bfb90)
malloc(0x1f)
  returns 0x5602bf4bfb90
free(0x5602bf4bfb90)
malloc(0x27)
  returns 0x5602bf4bfb90
malloc(0x48)
  returns 0x5602bf4bfbc0
malloc(0x22)
  returns 0x5602bf4bfc10
free(0x5602bf4bfc10)
malloc(0x21)
  returns 0x5602bf4bfc10
free(0x5602bf4bfc10)
malloc(0x1c)
  returns 0x5602bf4bfc10
free(0x5602bf4bfc10)
malloc(0x22)
  returns 0x5602bf4bfc10
free(0x5602bf4bfc10)
malloc(0x21)
  returns 0x5602bf4bfc10
free(0x5602bf4bfc10)
malloc(0x1c)
  returns 0x5602bf4bfc10
free(0x5602bf4bfc10)
free(0x5602bf4bf830)
malloc(0x308)
  returns 0x5602bf4bfc40
malloc(0xb)
  returns 0x5602bf4bf830
malloc(0xc)
  returns 0x5602bf4bff50
malloc(0xc)
  returns 0x5602bf4bff70
free(0)
free(0)
malloc(0x22)
  returns 0x5602bf4bfc10
malloc(0xa)
  returns 0x5602bf4bff90
malloc(0x38)
  returns 0x5602bf4bffb0
malloc(0x38)
  returns 0x5602bf4bfff0
malloc(0x80)
  returns 0x5602bf4c0030
malloc(0x4b00)
  returns 0x5602bf4c00c0
malloc(0x20)
  returns 0x5602bf4c4bd0
malloc(0x2)
  returns 0x5602bf4c4c00
malloc(0x8030)
  returns 0x5602bf4c4c20
malloc(0xf)
  returns 0x5602bf4ccc60
malloc(0xe)
  returns 0x5602bf4ccc80
malloc(0x13)
  returns 0x5602bf4ccca0
malloc(0xf)
  returns 0x5602bf4cccc0
malloc(0x11)
  returns 0x5602bf4ccce0
malloc(0x10)
  returns 0x5602bf4ccd00
malloc(0x1d)
  returns 0x5602bf4ccd20
malloc(0x1d)
  returns 0x5602bf4ccd50
malloc(0x9)
  returns 0x5602bf4ccd80
malloc(0xa)
  returns 0x5602bf4ccda0
malloc(0x9)
  returns 0x5602bf4ccdc0
malloc(0xa)
  returns 0x5602bf4ccde0
malloc(0xc)
  returns 0x5602bf4cce00
malloc(0xd)
  returns 0x5602bf4cce20
malloc(0x8)
  returns 0x5602bf4cce40
malloc(0x9)
  returns 0x5602bf4cce60
malloc(0x9)
  returns 0x5602bf4cce80
malloc(0xa)
  returns 0x5602bf4ccea0
malloc(0xf)
  returns 0x5602bf4ccec0
malloc(0x10)
  returns 0x5602bf4ccee0
malloc(0xc)
  returns 0x5602bf4ccf00
malloc(0xd)
  returns 0x5602bf4ccf20
malloc(0xe)
  returns 0x5602bf4ccf40
malloc(0xf)
  returns 0x5602bf4ccf60
malloc(0xc)
  returns 0x5602bf4ccf80
malloc(0xd)
  returns 0x5602bf4ccfa0
malloc(0xa)
  returns 0x5602bf4ccfc0
malloc(0xb)
  returns 0x5602bf4ccfe0
malloc(0x9)
  returns 0x5602bf4cd000
malloc(0xa)
  returns 0x5602bf4cd020
malloc(0x9)
  returns 0x5602bf4cd040
malloc(0xa)
  returns 0x5602bf4cd060
malloc(0x9)
  returns 0x5602bf4cd080
malloc(0xa)
  returns 0x5602bf4cd0a0
malloc(0xa)
  returns 0x5602bf4cd0c0
malloc(0xb)
  returns 0x5602bf4cd0e0
malloc(0x7)
  returns 0x5602bf4cd100
malloc(0x8)
  returns 0x5602bf4cd120
malloc(0x9)
  returns 0x5602bf4cd140
malloc(0xa)
  returns 0x5602bf4cd160
malloc(0x16)
  returns 0x5602bf4cd180
malloc(0x17)
  returns 0x5602bf4cd1a0
malloc(0xc)
  returns 0x5602bf4cd1c0
malloc(0xd)
  returns 0x5602bf4cd1e0
malloc(0xa)
  returns 0x5602bf4cd200
malloc(0xb)
  returns 0x5602bf4cd220
malloc(0xa)
  returns 0x5602bf4cd240
malloc(0xb)
  returns 0x5602bf4cd260
malloc(0xc)
  returns 0x5602bf4cd280
malloc(0xd)
  returns 0x5602bf4cd2a0
malloc(0x9)
  returns 0x5602bf4cd2c0
malloc(0xa)
  returns 0x5602bf4cd2e0
malloc(0xb)
  returns 0x5602bf4cd300
malloc(0xc)
  returns 0x5602bf4cd320
malloc(0xa)
  returns 0x5602bf4cd340
malloc(0xb)
  returns 0x5602bf4cd360
malloc(0x19)
  returns 0x5602bf4cd380
malloc(0x1a)
  returns 0x5602bf4cd3b0
malloc(0x12)
  returns 0x5602bf4cd3e0
malloc(0x13)
  returns 0x5602bf4cd400
malloc(0x8)
  returns 0x5602bf4cd420
malloc(0x9)
  returns 0x5602bf4cd440
malloc(0xe)
  returns 0x5602bf4cd460
malloc(0xb)
  returns 0x5602bf4cd480
malloc(0xb)
  returns 0x5602bf4cd4a0
malloc(0xb)
  returns 0x5602bf4cd4c0
malloc(0xb)
  returns 0x5602bf4cd4e0
malloc(0xb)
  returns 0x5602bf4cd500
malloc(0xb)
  returns 0x5602bf4cd520
free(0x5602bf4c4c20)
free(0)
malloc(0x678)
  returns 0x5602bf4c4c20
malloc(0x288)
  returns 0x5602bf4c52a0
malloc(0xbd0)
  returns 0x5602bf4c5530
malloc(0x400)
  returns 0x5602bf4c6110
free(0x5602bf4c4c00)
free(0)
free(0x5602bf4c4bd0)
free(0x5602bf4c6110)
free(0)
free(0)
free(0)
free(0)
free(0)
free(0)
free(0)
free(0)
free(0)
free(0)
free(0)
free(0)
free(0)
free(0)
free(0)
free(0)
free(0)
free(0)
free(0)
free(0)
free(0)
free(0)
free(0)
free(0)
free(0)
free(0)
free(0)
free(0)
free(0)
free(0)
free(0)
free(0)
free(0)
free(0)
free(0)
