@ip 0x7f3fb2779617: CHDIR sys call 12(0x0, 0x560208204430, 0x7ffdad1b9860, 0x1, 0x1, 0x7ffdad1b9889)
Failure 1: value=0x560209ede000, errno=0, gax=0x9ede000

@ip 0x7f3fb277a345:  MOUNT sys call 21(0x7f3fb277e54a, 0x0, 0x7f3fb2984e28, 0x10, 0x7ffdad1f07a8, 0x7ffdad1f0040)
Success: value=0xffffffffffffffff, errno=2

@ip 0x7f3fb277a438: LINK sys call 9(0x0, 0x3000, 0x3, 0x22, 0xffffffffffffffff, 0x0)
Failure 1: value=0x7f3fb0979000, errno=0, gax=0xb0979000

@ip 0x7f3fb277a345:  MOUNT sys call 21(0x7f3fb2780cc0, 0x4, 0x7f3fb2761190, 0x7f3fb2986c18, 0x50, 0x7f3fb277e37a)
Success: value=0xffffffffffffffff, errno=2

@ip 0x7f3fb277a2e5: FORK sys call 2(0x7f3fb277e9e2, 0x80000, 0x1, 0x7f3fb2986510, 0x0, 0x0)
Success: value=0x3, errno=0

@ip 0x7f3fb277a270: OPEN sys call 5(0x3, 0x7ffdad1b8b90, 0x7ffdad1b8b90, 0x7f3fb2986510, 0x0, 0x0)
Success: value=0x0, errno=0

@ip 0x7f3fb277a438: LINK sys call 9(0x0, 0x1ee0d, 0x1, 0x2, 0x3, 0x0)
Failure 1: value=0x7f3fb08ee000, errno=0, gax=0xb08ee000

@ip 0x7f3fb277a3e5: READ sys call 3(0x3, 0x1ee0d, 0x1, 0x2, 0x3, 0x0)
Success: value=0x0, errno=0

@ip 0x7f3fb277a345:  MOUNT sys call 21(0x7f3fb277e54a, 0x0, 0x0, 0x10, 0x3, 0x0)
Success: value=0xffffffffffffffff, errno=2

@ip 0x7f3fb277a2e5: FORK sys call 2(0x7f3fb097a4a0, 0x80000, 0x7f3fb2986168, 0x7ffdad1b8d30, 0x0, 0x7ffdad1b8d1f)
Success: value=0x3, errno=0

@ip 0x7f3fb277a305:  SETUP sys call 0(0x3, 0x7ffdad1b8d38, 0x340, 0x7ffdad1b8d30, 0x0, 0x7ffdad1b8d1f)
Success: value=0x340, errno=0

@ip 0x7f3fb277a270: OPEN sys call 5(0x3, 0x7ffdad1b8bd0, 0x7ffdad1b8bd0, 0x7ffdad1b8d30, 0x7f3fb097a4a0, 0x7f3fb2986168)
Success: value=0x0, errno=0

@ip 0x7f3fb277a438: LINK sys call 9(0x0, 0x227ad0, 0x5, 0x802, 0x3, 0x0)
Failure 1: value=0x7f3f9e364000, errno=0, gax=0x9e364000

@ip 0x7f3fb277a4d5: UNLINK sys call 10(0x7f3f9e389000, 0x1ff000, 0x0, 0x7ffdad1b89c0, 0x3, 0x0)
Success: value=0x0, errno=0

@ip 0x7f3fb277a438: LINK sys call 9(0x7f3f9e588000, 0x2000, 0x3, 0x812, 0x3, 0x24000)
Failure 1: value=0x7f3f9e588000, errno=0, gax=0x9e588000

@ip 0x7f3fb277a438: LINK sys call 9(0x7f3f9e58a000, 0x1ad0, 0x3, 0x32, 0xffffffffffffffff, 0x0)
Failure 1: value=0x7f3f9e58a000, errno=0, gax=0x9e58a000

@ip 0x7f3fb277a3e5: READ sys call 3(0x3, 0x7f3fb097a508, 0x0, 0x31, 0x7f3f9e364000, 0x70000021)
Success: value=0x0, errno=0

@ip 0x7f3fb277a345:  MOUNT sys call 21(0x7f3fb277e54a, 0x0, 0x200, 0x7f3fb2986510, 0x0, 0x0)
Success: value=0xffffffffffffffff, errno=2

@ip 0x7f3fb277a2e5: FORK sys call 2(0x7f3fb097a990, 0x80000, 0x7f3fb2986168, 0x7ffdad1b8d00, 0x0, 0x7ffdad1b8cef)
Success: value=0x3, errno=0

@ip 0x7f3fb277a305:  SETUP sys call 0(0x3, 0x7ffdad1b8d08, 0x340, 0x7ffdad1b8d00, 0x0, 0x7ffdad1b8cef)
Success: value=0x340, errno=0

@ip 0x7f3fb277a270: OPEN sys call 5(0x3, 0x7ffdad1b8ba0, 0x7ffdad1b8ba0, 0x7ffdad1b8d00, 0x7f3fb097a990, 0x7f3fb2986168)
Success: value=0x0, errno=0

@ip 0x7f3fb277a438: LINK sys call 9(0x0, 0x39d9a0, 0x5, 0x802, 0x3, 0x0)
Failure 1: value=0x7f3f9dfc6000, errno=0, gax=0x9dfc6000

@ip 0x7f3fb277a4d5: UNLINK sys call 10(0x7f3f9e15b000, 0x1ff000, 0x0, 0x7ffdad1b8930, 0x3, 0x0)
Success: value=0x0, errno=0

@ip 0x7f3fb277a438: LINK sys call 9(0x7f3f9e35a000, 0x6000, 0x3, 0x812, 0x3, 0x194000)
Failure 1: value=0x7f3f9e35a000, errno=0, gax=0x9e35a000

@ip 0x7f3fb277a438: LINK sys call 9(0x7f3f9e360000, 0x39a0, 0x3, 0x32, 0xffffffffffffffff, 0x0)
Failure 1: value=0x7f3f9e360000, errno=0, gax=0x9e360000

@ip 0x7f3fb277a3e5: READ sys call 3(0x3, 0x7f3fb097a9f0, 0x0, 0x31, 0x7f3f9dfc6000, 0x70000021)
Success: value=0x0, errno=0

@ip 0x7f3fb277a345:  MOUNT sys call 21(0x7f3fb277e54a, 0x0, 0x1d, 0x7f3fb097a870, 0x7f3fb097a870, 0x7)
Success: value=0xffffffffffffffff, errno=2

@ip 0x7f3fb277a2e5: FORK sys call 2(0x7f3fb097ae70, 0x80000, 0x7f3fb097a4c8, 0x7ffdad1b8bc0, 0x0, 0x7ffdad1b8baf)
Success: value=0x3, errno=0

@ip 0x7f3fb277a305:  SETUP sys call 0(0x3, 0x7ffdad1b8bc8, 0x340, 0x7ffdad1b8bc0, 0x0, 0x7ffdad1b8baf)
Success: value=0x340, errno=0

@ip 0x7f3fb277a270: OPEN sys call 5(0x3, 0x7ffdad1b8a60, 0x7ffdad1b8a60, 0x7ffdad1b8bc0, 0x7f3fb097ae70, 0x7f3fb097a4c8)
Success: value=0x0, errno=0

@ip 0x7f3fb277a438: LINK sys call 9(0x0, 0x272108, 0x5, 0x802, 0x3, 0x0)
Failure 1: value=0x7f3f9dd53000, errno=0, gax=0x9dd53000

@ip 0x7f3fb277a4d5: UNLINK sys call 10(0x7f3f9ddc5000, 0x1ff000, 0x0, 0x7ffdad1b8880, 0x3, 0x0)
Success: value=0x0, errno=0

@ip 0x7f3fb277a438: LINK sys call 9(0x7f3f9dfc4000, 0x2000, 0x3, 0x812, 0x3, 0x71000)
Failure 1: value=0x7f3f9dfc4000, errno=0, gax=0x9dfc4000

@ip 0x7f3fb277a3e5: READ sys call 3(0x3, 0x7f3fb097aed8, 0x0, 0x31, 0x7f3f9dd53000, 0x70000021)
Success: value=0x0, errno=0

@ip 0x7f3fb277a345:  MOUNT sys call 21(0x7f3fb277e54a, 0x0, 0x400, 0x7f3fb097a870, 0x0, 0x0)
Success: value=0xffffffffffffffff, errno=2

@ip 0x7f3fb277a2e5: FORK sys call 2(0x7f3fb097b360, 0x80000, 0x7f3fb097a4c8, 0x7ffdad1b8b90, 0x0, 0x7ffdad1b8b7f)
Success: value=0x3, errno=0

@ip 0x7f3fb277a305:  SETUP sys call 0(0x3, 0x7ffdad1b8b98, 0x340, 0x7ffdad1b8b90, 0x0, 0x7ffdad1b8b7f)
Success: value=0x340, errno=0

@ip 0x7f3fb277a270: OPEN sys call 5(0x3, 0x7ffdad1b8a30, 0x7ffdad1b8a30, 0x7ffdad1b8b90, 0x7f3fb097b360, 0x7f3fb097a4c8)
Success: value=0x0, errno=0

@ip 0x7f3fb277a438: LINK sys call 9(0x0, 0x2030f0, 0x5, 0x802, 0x3, 0x0)
Failure 1: value=0x7f3f9db4f000, errno=0, gax=0x9db4f000

@ip 0x7f3fb277a4d5: UNLINK sys call 10(0x7f3f9db51000, 0x200000, 0x0, 0x7ffdad1b8850, 0x3, 0x0)
Success: value=0x0, errno=0

@ip 0x7f3fb277a438: LINK sys call 9(0x7f3f9dd51000, 0x2000, 0x3, 0x812, 0x3, 0x2000)
Failure 1: value=0x7f3f9dd51000, errno=0, gax=0x9dd51000

@ip 0x7f3fb277a3e5: READ sys call 3(0x3, 0x7f3fb097b3c8, 0x0, 0x31, 0x7f3f9db4f000, 0x70000021)
Success: value=0x0, errno=0

@ip 0x7f3fb277a345:  MOUNT sys call 21(0x7f3fb277e54a, 0x0, 0x1d, 0x7f3fb097b240, 0x7f3fb097b240, 0xf)
Success: value=0xffffffffffffffff, errno=2

@ip 0x7f3fb277a2e5: FORK sys call 2(0x7f3fb097b8d0, 0x80000, 0x7f3fb097ae98, 0x7ffdad1b8b30, 0x0, 0x7ffdad1b8b1f)
Success: value=0x3, errno=0

@ip 0x7f3fb277a305:  SETUP sys call 0(0x3, 0x7ffdad1b8b38, 0x340, 0x7ffdad1b8b30, 0x0, 0x7ffdad1b8b1f)
Success: value=0x340, errno=0

@ip 0x7f3fb277a270: OPEN sys call 5(0x3, 0x7ffdad1b89d0, 0x7ffdad1b89d0, 0x7ffdad1b8b30, 0x7f3fb097b8d0, 0x7f3fb097ae98)
Success: value=0x0, errno=0

@ip 0x7f3fb277a438: LINK sys call 9(0x0, 0x21c428, 0x5, 0x802, 0x3, 0x0)
Failure 1: value=0x7f3f9d932000, errno=0, gax=0x9d932000

@ip 0x7f3fb277a4d5: UNLINK sys call 10(0x7f3f9d94a000, 0x1ff000, 0x0, 0x7ffdad1b8790, 0x3, 0x0)
Success: value=0x0, errno=0

@ip 0x7f3fb277a438: LINK sys call 9(0x7f3f9db49000, 0x2000, 0x3, 0x812, 0x3, 0x17000)
Failure 1: value=0x7f3f9db49000, errno=0, gax=0x9db49000

@ip 0x7f3fb277a438: LINK sys call 9(0x7f3f9db4b000, 0x3428, 0x3, 0x32, 0xffffffffffffffff, 0x0)
Failure 1: value=0x7f3f9db4b000, errno=0, gax=0x9db4b000

@ip 0x7f3fb277a3e5: READ sys call 3(0x3, 0x7f3fb097b938, 0x0, 0x31, 0x7f3f9d932000, 0x70000021)
Success: value=0x0, errno=0

@ip 0x7f3fb277a438: LINK sys call 9(0x0, 0x2000, 0x3, 0x22, 0xffffffffffffffff, 0x0)
Failure 1: value=0x7f3fb07d0000, errno=0, gax=0xb07d0000

@ip 0x7f3fb2761c40: sys call 158(0x1002, 0x7f3fb07d13c0, 0x7f3fb07d1cd0, 0x7f3fb07d07d0, 0x78, 0x40)
Success: value=0x0, errno=0

@ip 0x7f3fb277a4d5: UNLINK sys call 10(0x7f3f9e35a000, 0x4000, 0x1, 0x2, 0x0, 0x7)
Success: value=0x0, errno=0

@ip 0x7f3fb277a4d5: UNLINK sys call 10(0x7f3f9db49000, 0x1000, 0x1, 0x7f3f9db49fe8, 0x0, 0x7f3f9dfd4d28)
Success: value=0x0, errno=0

@ip 0x7f3fb277a4d5: UNLINK sys call 10(0x7f3f9dd51000, 0x1000, 0x1, 0x7f3f9dd51ff8, 0x0, 0x7f3f9dfd4d28)
Success: value=0x0, errno=0

@ip 0x7f3fb277a4d5: UNLINK sys call 10(0x7f3f9dfc4000, 0x1000, 0x1, 0x7f3f9dfc5020, 0x0, 0x9)
Success: value=0x0, errno=0

@ip 0x7f3fb277a4d5: UNLINK sys call 10(0x7f3f9e588000, 0x1000, 0x1, 0x7f3f9e588fe8, 0x0, 0x5602081fff50)
Success: value=0x0, errno=0

@ip 0x7f3fb277a4d5: UNLINK sys call 10(0x56020841d000, 0x1000, 0x1, 0x56020841e640, 0x0, 0x7f3f9dfd1b30)
Success: value=0x0, errno=0

@ip 0x7f3fb277a4d5: UNLINK sys call 10(0x7f3fb2984000, 0x1000, 0x1, 0x7f3fb2985030, 0x0, 0x7f3f9dfccb98)
Success: value=0x0, errno=0

@ip 0x7f3fb277a4b5: EXECVE sys call 11(0x7f3fb08ee000, 0x1ee0d, 0xb6100000000, 0x7f3fb2985030, 0x0, 0x7f3f9dfccb98)
Success: value=0x0, errno=0

@ip 0x7f3f9d937d10: sys call 218(0x7f3fb07d1690, 0x7ffdad1b9588, 0x7f3fb07d13c0, 0x7f3fb2985030, 0x7f3fb097b8d0, 0x2f)
Success: value=0x153e, errno=0

@ip 0x7f3f9d937d78: sys call 273(0x7f3fb07d16a0, 0x18, 0x7f3fb07d13c0, 0x7f3fb2985030, 0x7f3fb097b8d0, 0x2f)
Success: value=0x0, errno=0

@ip 0x7f3f9d9431bc: TIME sys call 13(0x20, 0x7ffdad1b92d0, 0x0, 0x8, 0x0, 0x0)
Success: value=0x0, errno=0

@ip 0x7f3f9d9431bc: TIME sys call 13(0x21, 0x7ffdad1b92d0, 0x0, 0x8, 0x0, 0x0)
Success: value=0x0, errno=0

@ip 0x7f3f9d937e54: MKNOD sys call 14(0x1, 0x7ffdad1b9448, 0x0, 0x8, 0x0, 0x0)
Success: value=0x0, errno=0

@ip 0x7f3f9e0a6765: sys call 97(0x3, 0x7ffdad1b9430, 0x3f, 0x18, 0x0, 0x0)
Success: value=0x0, errno=0

@ip 0x7f3f9e0a1125:  AFS sys call 137(0x7f3f9e382303, 0x7ffdad1b9400, 0x7f3f9e124054, 0x662, 0x7f3fb097a4a0, 0x2f)
Success: value=0xffffffffffffffff, errno=2

@ip 0x7f3f9e0a1125:  AFS sys call 137(0x7f3f9e38230a, 0x7ffdad1b9400, 0x7f3f9e124054, 0x370, 0x7f3fb097a4a0, 0x2f)
Success: value=0xffffffffffffffff, errno=2

@ip 0x7f3f9e0a6b77: CHDIR sys call 12(0x0, 0x7f3f9e35eb00, 0x7f3f9e35ed88, 0x7f3f9e35eb58, 0x3, 0x230)
Failure 1: value=0x560209ede000, errno=0, gax=0x9ede000

@ip 0x7f3f9e0a6b77: CHDIR sys call 12(0x560209eff000, 0x7f3f9e35eb00, 0x560209ede000, 0x7f3f9e35eb58, 0x3, 0x230)
Failure 1: value=0x560209eff000, errno=0, gax=0x9eff000

@ip 0x7f3f9e0a137e: FORK sys call 2(0x7f3f9e3822e7, 0x0, 0x1b6, 0x0, 0x8, 0x1)
Success: value=0x3, errno=0

@ip 0x7f3f9e0a0f70: OPEN sys call 5(0x3, 0x7ffdad1b92f0, 0x7ffdad1b92f0, 0x0, 0x3, 0x80)
Success: value=0x0, errno=0

@ip 0x7f3f9e0a159e:  SETUP sys call 0(0x3, 0x560209ede2c0, 0x400, 0x0, 0x3, 0x410)
Success: value=0x18c, errno=0

@ip 0x7f3f9e0a159e:  SETUP sys call 0(0x3, 0x560209ede2c0, 0x400, 0x560209ede44c, 0xfffc4000, 0x410)
Success: value=0x0, errno=0

@ip 0x7f3f9e037a19: READ sys call 3(0x3, 0x0, 0x7f3f9e35a900, 0x477, 0x560209ede240, 0x400)
Success: value=0x0, errno=0

@ip 0x7f3f9e0a1655:  MOUNT sys call 21(0x7f3f9e38232b, 0x0, 0x0, 0x80e, 0x560209ede240, 0x400)
Success: value=0xffffffffffffffff, errno=2

@ip 0x7f3f9dff0ead: FORK sys call 2(0x7f3f9e12e770, 0x80000, 0xffffffff, 0x9b, 0x560209ede010, 0x0)
Success: value=0xffffffffffffffff, errno=2

@ip 0x7f3f9e039318: FORK sys call 2(0x7ffdad1b8fb0, 0x80000, 0x1b6, 0x80000, 0x8, 0x1)
Success: value=0x3, errno=0

@ip 0x7f3f9e0a0f70: OPEN sys call 5(0x3, 0x7ffdad1b8e10, 0x7ffdad1b8e10, 0x80000, 0x1, 0x0)
Success: value=0x0, errno=0

@ip 0x7f3f9e038da6:  SETUP sys call 0(0x3, 0x560209ede260, 0x400, 0x230, 0x3, 0x410)
Success: value=0x400, errno=0

@ip 0x7f3f9e038da6:  SETUP sys call 0(0x3, 0x560209ede260, 0x400, 0x230, 0x0, 0x0)
Success: value=0x400, errno=0

@ip 0x7f3f9e038da6:  SETUP sys call 0(0x3, 0x560209ede260, 0x400, 0x11, 0x0, 0x0)
Success: value=0x3b3, errno=0

@ip 0x7f3f9e038da6:  SETUP sys call 0(0x3, 0x560209ede260, 0x400, 0x11, 0x1, 0x0)
Success: value=0x0, errno=0

@ip 0x7f3f9e037a19: READ sys call 3(0x3, 0x0, 0x7f3f9e35a900, 0x11, 0x1, 0x0)
Success: value=0x0, errno=0

@ip 0x7f3f9dff06ca: FORK sys call 2(0x560209ede0e0, 0x80000, 0x1, 0x7f3f9e12e710, 0x560209ede010, 0x0)
Success: value=0xffffffffffffffff, errno=2

@ip 0x7f3f9dff06ca: FORK sys call 2(0x560209ede300, 0x80000, 0xfffffffffffffeb0, 0x7f3f9e12e710, 0x560209ede010, 0x0)
Success: value=0x3, errno=0

@ip 0x7f3f9e0a0f70: OPEN sys call 5(0x3, 0x7ffdad1b9150, 0x7ffdad1b9150, 0x7f3f9e12e710, 0x560209ede010, 0x0)
Success: value=0x0, errno=0

@ip 0x7f3f9e0aa2d8: LINK sys call 9(0x0, 0x170, 0x1, 0x2, 0x3, 0x0)
Failure 1: value=0x7f3f9d481000, errno=0, gax=0x9d481000

@ip 0x7f3f9dff076b: READ sys call 3(0x3, 0x170, 0x1, 0x2, 0x3, 0x0)
Success: value=0x0, errno=0

@ip 0x7f3f9dfee9c9: FORK sys call 2(0x7f3f9e12ae60, 0x0, 0x0, 0x8000000004007, 0xca, 0x1)
Success: value=0x3, errno=0

@ip 0x7f3f9e0a0f70: OPEN sys call 5(0x3, 0x7ffdad1b8ff0, 0x7ffdad1b8ff0, 0x8000000004007, 0xca, 0x1)
Success: value=0x0, errno=0

@ip 0x7f3f9e0aa2d8: LINK sys call 9(0x0, 0x6692, 0x1, 0x1, 0x3, 0x0)
Failure 1: value=0x7f3f9d442000, errno=0, gax=0x9d442000

@ip 0x7f3f9dfeea49: READ sys call 3(0x3, 0x6692, 0x1, 0x1, 0x3, 0x0)
Success: value=0x0, errno=0

@ip 0x7f3f9d94075e: sys call 202(0x7f3f9e35f8a8, 0x81, 0x7fffffff, 0x0, 0x3, 0x0)
Success: value=0x0, errno=0

@ip 0x7f3f9dff06ca: FORK sys call 2(0x560209edf4d0, 0x80000, 0x1, 0x7f3f9e12e710, 0x560209ede5d0, 0x0)
Success: value=0xffffffffffffffff, errno=2

@ip 0x7f3f9dff06ca: FORK sys call 2(0x560209edf6b0, 0x80000, 0xfffffffffffffeb0, 0x7f3f9e12e710, 0x560209ede5d0, 0x0)
Success: value=0x3, errno=0

@ip 0x7f3f9e0a0f70: OPEN sys call 5(0x3, 0x7ffdad1b9150, 0x7ffdad1b9150, 0x7f3f9e12e710, 0x560209ede5d0, 0x0)
Success: value=0x0, errno=0

@ip 0x7f3f9e0aa2d8: LINK sys call 9(0x0, 0x17, 0x1, 0x2, 0x3, 0x0)
Failure 1: value=0x7f3f9d435000, errno=0, gax=0x9d435000

@ip 0x7f3f9dff076b: READ sys call 3(0x3, 0x17, 0x1, 0x2, 0x3, 0x0)
Success: value=0x0, errno=0

@ip 0x7f3f9dff06ca: FORK sys call 2(0x560209edf990, 0x80000, 0x1, 0x7f3f9e12e710, 0x560209edf8c0, 0x7f00)
Success: value=0xffffffffffffffff, errno=2

@ip 0x7f3f9dff06ca: FORK sys call 2(0x560209edfb40, 0x80000, 0xfffffffffffffeb0, 0x7f3f9e12e710, 0x560209edf8c0, 0x7f00)
Success: value=0x3, errno=0

@ip 0x7f3f9e0a0f70: OPEN sys call 5(0x3, 0x7ffdad1b9150, 0x7ffdad1b9150, 0x7f3f9e12e710, 0x560209edf8c0, 0x7f00)
Success: value=0x0, errno=0

@ip 0x7f3f9e0aa2d8: LINK sys call 9(0x0, 0x3b, 0x1, 0x2, 0x3, 0x0)
Failure 1: value=0x7f3f9d42d000, errno=0, gax=0x9d42d000

@ip 0x7f3f9dff076b: READ sys call 3(0x3, 0x3b, 0x1, 0x2, 0x3, 0x0)
Success: value=0x0, errno=0

@ip 0x7f3f9dff06ca: FORK sys call 2(0x560209edfc30, 0x80000, 0x1, 0x7f3f9e12e710, 0x560209edfd80, 0x1f00)
Success: value=0xffffffffffffffff, errno=2

@ip 0x7f3f9dff06ca: FORK sys call 2(0x560209edfff0, 0x80000, 0xfffffffffffffeb0, 0x7f3f9e12e710, 0x560209edfd80, 0x1f00)
Success: value=0x3, errno=0

@ip 0x7f3f9e0a0f70: OPEN sys call 5(0x3, 0x7ffdad1b9150, 0x7ffdad1b9150, 0x7f3f9e12e710, 0x560209edfd80, 0x1f00)
Success: value=0x0, errno=0

@ip 0x7f3f9e0aa2d8: LINK sys call 9(0x0, 0xa7, 0x1, 0x2, 0x3, 0x0)
Failure 1: value=0x7f3f9d423000, errno=0, gax=0x9d423000

@ip 0x7f3f9dff076b: READ sys call 3(0x3, 0xa7, 0x1, 0x2, 0x3, 0x0)
Success: value=0x0, errno=0

@ip 0x7f3f9dff06ca: FORK sys call 2(0x560209ee00e0, 0x80000, 0x1, 0x7f3f9e12e710, 0x560209ee0270, 0x300)
Success: value=0xffffffffffffffff, errno=2

@ip 0x7f3f9dff06ca: FORK sys call 2(0x560209ee04e0, 0x80000, 0xfffffffffffffeb0, 0x7f3f9e12e710, 0x560209ee0270, 0x300)
Success: value=0x3, errno=0

@ip 0x7f3f9e0a0f70: OPEN sys call 5(0x3, 0x7ffdad1b9150, 0x7ffdad1b9150, 0x7f3f9e12e710, 0x560209ee0270, 0x300)
Success: value=0x0, errno=0

@ip 0x7f3f9e0aa2d8: LINK sys call 9(0x0, 0x4d, 0x1, 0x2, 0x3, 0x0)
Failure 1: value=0x7f3f9d3fd000, errno=0, gax=0x9d3fd000

@ip 0x7f3f9dff076b: READ sys call 3(0x3, 0x4d, 0x1, 0x2, 0x3, 0x0)
Success: value=0x0, errno=0

@ip 0x7f3f9dff06ca: FORK sys call 2(0x560209ee0650, 0x80000, 0x1, 0x7f3f9e12e710, 0x560209ee0720, 0x700)
Success: value=0xffffffffffffffff, errno=2

@ip 0x7f3f9dff06ca: FORK sys call 2(0x560209ee0990, 0x80000, 0xfffffffffffffeb0, 0x7f3f9e12e710, 0x560209ee0720, 0x700)
Success: value=0x3, errno=0

@ip 0x7f3f9e0a0f70: OPEN sys call 5(0x3, 0x7ffdad1b9150, 0x7ffdad1b9150, 0x7f3f9e12e710, 0x560209ee0720, 0x700)
Success: value=0x0, errno=0

@ip 0x7f3f9e0aa2d8: LINK sys call 9(0x0, 0x22, 0x1, 0x2, 0x3, 0x0)
Failure 1: value=0x7f3f9d3fc000, errno=0, gax=0x9d3fc000

@ip 0x7f3f9dff076b: READ sys call 3(0x3, 0x22, 0x1, 0x2, 0x3, 0x0)
Success: value=0x0, errno=0

@ip 0x7f3f9dff06ca: FORK sys call 2(0x560209ee0b00, 0x80000, 0x1, 0x7f3f9e12e710, 0x560209ee0bb0, 0x3f00)
Success: value=0xffffffffffffffff, errno=2

@ip 0x7f3f9dff06ca: FORK sys call 2(0x560209ee0e20, 0x80000, 0xfffffffffffffeb0, 0x7f3f9e12e710, 0x560209ee0bb0, 0x3f00)
Success: value=0x3, errno=0

@ip 0x7f3f9e0a0f70: OPEN sys call 5(0x3, 0x7ffdad1b9150, 0x7ffdad1b9150, 0x7f3f9e12e710, 0x560209ee0bb0, 0x3f00)
Success: value=0x0, errno=0

@ip 0x7f3f9dff0808: READ sys call 3(0x3, 0x7ffdad1b9150, 0x7ffdad1b9150, 0x7f3f9e12e710, 0x3, 0x3f00)
Success: value=0x0, errno=0

@ip 0x7f3f9dff08b1: FORK sys call 2(0x7ffdad1b90f0, 0x80000, 0xc, 0x7f3f9e12e710, 0xb, 0x3f00)
Success: value=0x3, errno=0

@ip 0x7f3f9e0a0f70: OPEN sys call 5(0x3, 0x7ffdad1b9150, 0x7ffdad1b9150, 0x7f3f9e12e710, 0xb, 0x3f00)
Success: value=0x0, errno=0

@ip 0x7f3f9e0aa2d8: LINK sys call 9(0x0, 0x39, 0x1, 0x2, 0x3, 0x0)
Failure 1: value=0x7f3f9d3f6000, errno=0, gax=0x9d3f6000

@ip 0x7f3f9dff076b: READ sys call 3(0x3, 0x39, 0x1, 0x2, 0x3, 0x0)
Success: value=0x0, errno=0

@ip 0x7f3f9dff06ca: FORK sys call 2(0x560209ee0f10, 0x80000, 0x1, 0x7f3f9e12e710, 0x560209ee1060, 0x3f00)
Success: value=0xffffffffffffffff, errno=2

@ip 0x7f3f9dff06ca: FORK sys call 2(0x560209ee12d0, 0x80000, 0xfffffffffffffeb0, 0x7f3f9e12e710, 0x560209ee1060, 0x3f00)
Success: value=0x3, errno=0

@ip 0x7f3f9e0a0f70: OPEN sys call 5(0x3, 0x7ffdad1b9150, 0x7ffdad1b9150, 0x7f3f9e12e710, 0x560209ee1060, 0x3f00)
Success: value=0x0, errno=0

@ip 0x7f3f9e0aa2d8: LINK sys call 9(0x0, 0x11e, 0x1, 0x2, 0x3, 0x0)
Failure 1: value=0x7f3f9d3f5000, errno=0, gax=0x9d3f5000

@ip 0x7f3f9dff076b: READ sys call 3(0x3, 0x11e, 0x1, 0x2, 0x3, 0x0)
Success: value=0x0, errno=0

@ip 0x7f3f9dff06ca: FORK sys call 2(0x560209ee13c0, 0x80000, 0x1, 0x7f3f9e12e710, 0x560209ee1660, 0x1f00)
Success: value=0xffffffffffffffff, errno=2

@ip 0x7f3f9dff06ca: FORK sys call 2(0x560209ee18d0, 0x80000, 0xfffffffffffffeb0, 0x7f3f9e12e710, 0x560209ee1660, 0x1f00)
Success: value=0x3, errno=0

@ip 0x7f3f9e0a0f70: OPEN sys call 5(0x3, 0x7ffdad1b9150, 0x7ffdad1b9150, 0x7f3f9e12e710, 0x560209ee1660, 0x1f00)
Success: value=0x0, errno=0

@ip 0x7f3f9e0aa2d8: LINK sys call 9(0x0, 0x12fa76, 0x1, 0x2, 0x3, 0x0)
Failure 1: value=0x7f3f9d2b6000, errno=0, gax=0x9d2b6000

@ip 0x7f3f9dff076b: READ sys call 3(0x3, 0x12fa76, 0x1, 0x2, 0x3, 0x0)
Success: value=0x0, errno=0

@ip 0x7f3f9dff06ca: FORK sys call 2(0x560209ee19c0, 0x80000, 0x1, 0x7f3f9e12e710, 0x560209ee1b80, 0x300)
Success: value=0xffffffffffffffff, errno=2

@ip 0x7f3f9dff06ca: FORK sys call 2(0x560209ee1df0, 0x80000, 0xfffffffffffffeb0, 0x7f3f9e12e710, 0x560209ee1b80, 0x300)
Success: value=0x3, errno=0

@ip 0x7f3f9e0a0f70: OPEN sys call 5(0x3, 0x7ffdad1b9150, 0x7ffdad1b9150, 0x7f3f9e12e710, 0x560209ee1b80, 0x300)
Success: value=0x0, errno=0

@ip 0x7f3f9e0aa2d8: LINK sys call 9(0x0, 0x996, 0x1, 0x2, 0x3, 0x0)
Failure 1: value=0x7f3f9d3f0000, errno=0, gax=0x9d3f0000

@ip 0x7f3f9dff076b: READ sys call 3(0x3, 0x996, 0x1, 0x2, 0x3, 0x0)
Success: value=0x0, errno=0

@ip 0x7f3f9dff06ca: FORK sys call 2(0x560209ee1f60, 0x80000, 0x1, 0x7f3f9e12e710, 0x560209ee2370, 0x1f00)
Success: value=0xffffffffffffffff, errno=2

@ip 0x7f3f9dff06ca: FORK sys call 2(0x560209ee25e0, 0x80000, 0xfffffffffffffeb0, 0x7f3f9e12e710, 0x560209ee2370, 0x1f00)
Success: value=0x3, errno=0

@ip 0x7f3f9e0a0f70: OPEN sys call 5(0x3, 0x7ffdad1b9150, 0x7ffdad1b9150, 0x7f3f9e12e710, 0x560209ee2370, 0x1f00)
Success: value=0x0, errno=0

@ip 0x7f3f9e0aa2d8: LINK sys call 9(0x0, 0x36, 0x1, 0x2, 0x3, 0x0)
Failure 1: value=0x7f3f9d3ee000, errno=0, gax=0x9d3ee000

@ip 0x7f3f9dff076b: READ sys call 3(0x3, 0x36, 0x1, 0x2, 0x3, 0x0)
Success: value=0x0, errno=0

@ip 0x7f3f9dff06ca: FORK sys call 2(0x560209ee26d0, 0x80000, 0x1, 0x7f3f9e12e710, 0x560209ee2830, 0x700)
Success: value=0xffffffffffffffff, errno=2

@ip 0x7f3f9dff06ca: FORK sys call 2(0x560209ee2aa0, 0x80000, 0xfffffffffffffeb0, 0x7f3f9e12e710, 0x560209ee2830, 0x700)
Success: value=0x3, errno=0

@ip 0x7f3f9e0a0f70: OPEN sys call 5(0x3, 0x7ffdad1b9150, 0x7ffdad1b9150, 0x7f3f9e12e710, 0x560209ee2830, 0x700)
Success: value=0x0, errno=0

@ip 0x7f3f9e0aa2d8: LINK sys call 9(0x0, 0x501f4, 0x1, 0x2, 0x3, 0x0)
Failure 1: value=0x7f3f9d25b000, errno=0, gax=0x9d25b000

@ip 0x7f3f9dff076b: READ sys call 3(0x3, 0x501f4, 0x1, 0x2, 0x3, 0x0)
Success: value=0x0, errno=0

@ip 0x7f3f9e0a6498: LCHOWN sys call 16(0x1, 0x5401, 0x7ffdad1b93a0, 0x293, 0x7ffdad1b93e0, 0x153e)
Success: value=0x0, errno=0

@ip 0x7f3f9e0a6ca5: LCHOWN sys call 16(0x1, 0x5413, 0x7ffdad1b9450, 0x541, 0x7ffdad1b93e0, 0x153e)
Success: value=0x0, errno=0

@ip 0x7f3f9e0797af: FORK sys call 2(0x560209ee7c00, 0x90800, 0x1, 0x504, 0x3, 0x10)
Success: value=0x3, errno=0

@ip 0x7f3f9e0a0f70: OPEN sys call 5(0x3, 0x7ffdad1b8ff0, 0x7ffdad1b8ff0, 0x504, 0x3, 0x10)
Success: value=0x0, errno=0

@ip 0x7f3f9e079d29: sys call 78(0x3, 0x560209ee7c50, 0x8000, 0x8d, 0x3, 0x8040)
Success: value=0x998, errno=0

@ip 0x7f3f9e079d29: sys call 78(0x3, 0x560209ee7c50, 0x8000, 0x8d, 0x3, 0x20)
Success: value=0x0, errno=0

@ip 0x7f3f9e079805: READ sys call 3(0x3, 0x0, 0x7f3f9e35eb58, 0x164, 0x3, 0x20)
Success: value=0x0, errno=0

@ip 0x7f3f9e0a0f70: OPEN sys call 5(0x1, 0x7ffdad1b6b60, 0x7ffdad1b6b60, 0x839, 0x560209eefd0e, 0x0)
Success: value=0x0, errno=0

@ip 0x7f3f9e0a15fe:  EXIT sys call 1(0x1, 0x560209ee9110, 0x40, 0x2000, 0x560209ef0087, 0x0)
Success: value=0x40, errno=0

@ip 0x7f3f9e0a15fe:  EXIT sys call 1(0x1, 0x560209ee9110, 0x46, 0x2000, 0x560209ef00a8, 0x0)
Success: value=0x46, errno=0

@ip 0x7f3f9e0a15fe:  EXIT sys call 1(0x1, 0x560209ee9110, 0x48, 0x2000, 0x560209eefccd, 0x0)
Success: value=0x48, errno=0

@ip 0x7f3f9e0a15fe:  EXIT sys call 1(0x1, 0x560209ee9110, 0x3f, 0x2000, 0x560209ef02c7, 0x0)
Success: value=0x3f, errno=0

@ip 0x7f3f9e0a15fe:  EXIT sys call 1(0x1, 0x560209ee9110, 0x44, 0x2000, 0x560209ef02e8, 0x0)
Success: value=0x44, errno=0

@ip 0x7f3f9e0a15fe:  EXIT sys call 1(0x1, 0x560209ee9110, 0x39, 0x2000, 0x560209ef028a, 0x0)
Success: value=0x39, errno=0

@ip 0x7f3f9e0a15fe:  EXIT sys call 1(0x1, 0x560209ee9110, 0x3b, 0x2000, 0x560209ef02ab, 0x0)
Success: value=0x3b, errno=0

@ip 0x7f3f9e0a15fe:  EXIT sys call 1(0x1, 0x560209ee9110, 0x36, 0x2000, 0x560209ef0007, 0x0)
Success: value=0x36, errno=0

@ip 0x7f3f9e0a15fe:  EXIT sys call 1(0x1, 0x560209ee9110, 0x32, 0x2000, 0x560209ef0028, 0x0)
Success: value=0x32, errno=0

@ip 0x7f3f9e0a15fe:  EXIT sys call 1(0x1, 0x560209ee9110, 0x36, 0x2000, 0x560209eefe46, 0x0)
Success: value=0x36, errno=0

@ip 0x7f3f9e0a15fe:  EXIT sys call 1(0x1, 0x560209ee9110, 0x36, 0x2000, 0x560209eefe67, 0x0)
Success: value=0x36, errno=0

@ip 0x7f3f9e0a15fe:  EXIT sys call 1(0x1, 0x560209ee9110, 0x3c, 0x2000, 0x560209ef01ca, 0x0)
Success: value=0x3c, errno=0

@ip 0x7f3f9e0a15fe:  EXIT sys call 1(0x1, 0x560209ee9110, 0x3d, 0x2000, 0x560209ef01eb, 0x0)
Success: value=0x3d, errno=0

@ip 0x7f3f9e0a15fe:  EXIT sys call 1(0x1, 0x560209ee9110, 0x3f, 0x2000, 0x560209ef0208, 0x0)
Success: value=0x3f, errno=0

@ip 0x7f3f9e0a15fe:  EXIT sys call 1(0x1, 0x560209ee9110, 0x3f, 0x2000, 0x560209ef0229, 0x0)
Success: value=0x3f, errno=0

@ip 0x7f3f9e0a15fe:  EXIT sys call 1(0x1, 0x560209ee9110, 0x28, 0x2000, 0x560209ef0529, 0x0)
Success: value=0x28, errno=0

@ip 0x7f3f9e0a15fe:  EXIT sys call 1(0x1, 0x560209ee9110, 0x29, 0x2000, 0x560209eefe0a, 0x0)
Success: value=0x29, errno=0

@ip 0x7f3f9e0a15fe:  EXIT sys call 1(0x1, 0x560209ee9110, 0x29, 0x2000, 0x560209eefe2b, 0x0)
Success: value=0x29, errno=0

@ip 0x7f3f9e037a19: READ sys call 3(0x1, 0x560209ee9110, 0x7f3f9e35a900, 0x477, 0x7f3fb07d13c0, 0x7f3fb07d13c0)
Success: value=0x0, errno=0

@ip 0x7f3f9e037a19: READ sys call 3(0x2, 0x1, 0x7f3f9e35a900, 0x477, 0x7f3fb07d13c0, 0x7f3fb07d13c0)
Success: value=0x0, errno=0

@ip 0x7f3f9e07e4c6: sys call 231(0x0, 0x3c, 0x0, 0x7f3f9db4a250, 0xe7, 0xfffffffffffffeb0)
#eof
